<?xml version="1.0" encoding="UTF-8"?>
<!-- Generated by org.testng.reporters.JUnitReportReporter -->
<testsuite hostname="DESKTOP-HHB522J" failures="0" tests="2" name="CucumberTestRunner.PostAPITestRunner" time="15.844" errors="0" timestamp="2025-12-24T17:01:48 IST" skipped="0">
  <testcase classname="CucumberTestRunner.PostAPITestRunner" name="runScenario" time="2.720"/>
  <testcase classname="CucumberTestRunner.PostAPITestRunner" name="runScenario" time="13.124"/>
</testsuite> <!-- CucumberTestRunner.PostAPITestRunner -->
